# JRE version: OpenJDK Runtime Environment Corretto-11.0.23.9.1 (11.0.23+9) (build 11.0.23+9-LTS)
# Java VM: OpenJDK 64-Bit Server VM Corretto-11.0.23.9.1 (11.0.23+9-LTS, mixed mode, tiered, compressed oops, g1 gc, bsd-amd64)
Heap:
 garbage-first heap   total 262144K, used 93100K [0x00000007e0000000, 0x0000000800000000)
  region size 1024K, 62 young (63488K), 10 survivors (10240K)
 Metaspace       used 60235K, capacity 62582K, committed 62796K, reserved 440320K
  class space    used 8059K, capacity 8938K, committed 9036K, reserved 385024K
GC Heap History (16 events):
Event: 0.610 GC heap before
{Heap before GC invocations=0 (full 0):
 garbage-first heap   total 262144K, used 27648K [0x00000007e0000000, 0x0000000800000000)
  region size 1024K, 24 young (24576K), 0 survivors (0K)
 Metaspace       used 8150K, capacity 8318K, committed 8576K, reserved 393216K
  class space    used 737K, capacity 792K, committed 896K, reserved 385024K
}
Event: 0.614 GC heap after
{Heap after GC invocations=1 (full 0):
 garbage-first heap   total 262144K, used 10634K [0x00000007e0000000, 0x0000000800000000)
  region size 1024K, 3 young (3072K), 3 survivors (3072K)
 Metaspace       used 8150K, capacity 8318K, committed 8576K, reserved 393216K
  class space    used 737K, capacity 792K, committed 896K, reserved 385024K
}
Event: 1.882 GC heap before
{Heap before GC invocations=1 (full 0):
 garbage-first heap   total 262144K, used 118154K [0x00000007e0000000, 0x0000000800000000)
  region size 1024K, 107 young (109568K), 3 survivors (3072K)
 Metaspace       used 20706K, capacity 21129K, committed 21248K, reserved 405504K
  class space    used 2383K, capacity 2537K, committed 2560K, reserved 385024K
}
Event: 1.895 GC heap after
{Heap after GC invocations=2 (full 0):
 garbage-first heap   total 262144K, used 19424K [0x00000007e0000000, 0x0000000800000000)
  region size 1024K, 11 young (11264K), 11 survivors (11264K)
 Metaspace       used 20706K, capacity 21129K, committed 21248K, reserved 405504K
  class space    used 2383K, capacity 2537K, committed 2560K, reserved 385024K
}
Event: 2.385 GC heap before
{Heap before GC invocations=3 (full 0):
 garbage-first heap   total 262144K, used 87008K [0x00000007e0000000, 0x0000000800000000)
  region size 1024K, 77 young (78848K), 11 survivors (11264K)
 Metaspace       used 25733K, capacity 26378K, committed 26496K, reserved 409600K
  class space    used 3204K, capacity 3442K, committed 3456K, reserved 385024K
}
Event: 2.392 GC heap after
{Heap after GC invocations=4 (full 0):
 garbage-first heap   total 262144K, used 21258K [0x00000007e0000000, 0x0000000800000000)
  region size 1024K, 3 young (3072K), 3 survivors (3072K)
 Metaspace       used 25733K, capacity 26378K, committed 26496K, reserved 409600K
  class space    used 3204K, capacity 3442K, committed 3456K, reserved 385024K
}
Event: 3.159 GC heap before
{Heap before GC invocations=4 (full 0):
 garbage-first heap   total 262144K, used 135946K [0x00000007e0000000, 0x0000000800000000)
  region size 1024K, 115 young (117760K), 3 survivors (3072K)
 Metaspace       used 33511K, capacity 34387K, committed 34432K, reserved 415744K
  class space    used 4411K, capacity 4733K, committed 4736K, reserved 385024K
}
Event: 3.164 GC heap after
{Heap after GC invocations=5 (full 0):
 garbage-first heap   total 262144K, used 23847K [0x00000007e0000000, 0x0000000800000000)
  region size 1024K, 5 young (5120K), 5 survivors (5120K)
 Metaspace       used 33511K, capacity 34387K, committed 34432K, reserved 415744K
  class space    used 4411K, capacity 4733K, committed 4736K, reserved 385024K
}
Event: 3.247 GC heap before
{Heap before GC invocations=5 (full 0):
 garbage-first heap   total 262144K, used 35111K [0x00000007e0000000, 0x0000000800000000)
  region size 1024K, 17 young (17408K), 5 survivors (5120K)
 Metaspace       used 34817K, capacity 35720K, committed 35840K, reserved 417792K
  class space    used 4603K, capacity 4967K, committed 4992K, reserved 385024K
}
Event: 3.253 GC heap after
{Heap after GC invocations=6 (full 0):
 garbage-first heap   total 262144K, used 24012K [0x00000007e0000000, 0x0000000800000000)
  region size 1024K, 5 young (5120K), 5 survivors (5120K)
 Metaspace       used 34817K, capacity 35720K, committed 35840K, reserved 417792K
  class space    used 4603K, capacity 4967K, committed 4992K, reserved 385024K
}
Event: 4.263 GC heap before
{Heap before GC invocations=7 (full 0):
 garbage-first heap   total 262144K, used 148940K [0x00000007e0000000, 0x0000000800000000)
  region size 1024K, 123 young (125952K), 5 survivors (5120K)
 Metaspace       used 46374K, capacity 47745K, committed 47948K, reserved 428032K
  class space    used 5954K, capacity 6460K, committed 6476K, reserved 385024K
}
Event: 4.273 GC heap after
{Heap after GC invocations=8 (full 0):
 garbage-first heap   total 262144K, used 31844K [0x00000007e0000000, 0x0000000800000000)
  region size 1024K, 13 young (13312K), 13 survivors (13312K)
 Metaspace       used 46374K, capacity 47745K, committed 47948K, reserved 428032K
  class space    used 5954K, capacity 6460K, committed 6476K, reserved 385024K
}
Event: 5.126 GC heap before
{Heap before GC invocations=8 (full 0):
 garbage-first heap   total 262144K, used 156772K [0x00000007e0000000, 0x0000000800000000)
  region size 1024K, 134 young (137216K), 13 survivors (13312K)
 Metaspace       used 54667K, capacity 56397K, committed 56524K, reserved 434176K
  class space    used 7162K, capacity 7850K, committed 7884K, reserved 385024K
}
Event: 5.138 GC heap after
{Heap after GC invocations=9 (full 0):
 garbage-first heap   total 262144K, used 35818K [0x00000007e0000000, 0x0000000800000000)
  region size 1024K, 12 young (12288K), 12 survivors (12288K)
 Metaspace       used 54667K, capacity 56397K, committed 56524K, reserved 434176K
  class space    used 7162K, capacity 7850K, committed 7884K, reserved 385024K
}
Event: 5.559 GC heap before
{Heap before GC invocations=9 (full 0):
 garbage-first heap   total 262144K, used 115690K [0x00000007e0000000, 0x0000000800000000)
  region size 1024K, 91 young (93184K), 12 survivors (12288K)
 Metaspace       used 58168K, capacity 60198K, committed 60236K, reserved 438272K
  class space    used 7708K, capacity 8490K, committed 8524K, reserved 385024K
}
Event: 5.576 GC heap after
{Heap after GC invocations=10 (full 0):
 garbage-first heap   total 262144K, used 40876K [0x00000007e0000000, 0x0000000800000000)
  region size 1024K, 10 young (10240K), 10 survivors (10240K)
 Metaspace       used 58168K, capacity 60198K, committed 60236K, reserved 438272K
  class space    used 7708K, capacity 8490K, committed 8524K, reserved 385024K
}

