# JRE version: OpenJDK Runtime Environment Corretto-17.0.13.11.1 (17.0.13+11) (build 17.0.13+11-LTS)
# Java VM: OpenJDK 64-Bit Server VM Corretto-17.0.13.11.1 (17.0.13+11-LTS, mixed mode, sharing, tiered, compressed oops, compressed class ptrs, g1 gc, bsd-amd64)
Heap:
 garbage-first heap   total 262144K, used 133305K [0x00000007e0000000, 0x0000000800000000)
  region size 1024K, 100 young (102400K), 15 survivors (15360K)
 Metaspace       used 55971K, committed 56640K, reserved 393216K
  class space    used 8196K, committed 8512K, reserved 327680K
GC Heap History (12 events):
Event: 0.354 GC heap before
{Heap before GC invocations=0 (full 0):
 garbage-first heap   total 264192K, used 27552K [0x00000007e0000000, 0x0000000800000000)
  region size 1024K, 23 young (23552K), 0 survivors (0K)
 Metaspace       used 2395K, committed 2560K, reserved 393216K
  class space    used 282K, committed 384K, reserved 327680K
}
Event: 0.357 GC heap after
{Heap after GC invocations=1 (full 0):
 garbage-first heap   total 264192K, used 11424K [0x00000007e0000000, 0x0000000800000000)
  region size 1024K, 3 young (3072K), 3 survivors (3072K)
 Metaspace       used 2395K, committed 2560K, reserved 393216K
  class space    used 282K, committed 384K, reserved 327680K
}
Event: 0.665 GC heap before
{Heap before GC invocations=1 (full 0):
 garbage-first heap   total 264192K, used 48288K [0x00000007e0000000, 0x0000000800000000)
  region size 1024K, 37 young (37888K), 3 survivors (3072K)
 Metaspace       used 4099K, committed 4288K, reserved 393216K
  class space    used 514K, committed 640K, reserved 327680K
}
Event: 0.668 GC heap after
{Heap after GC invocations=2 (full 0):
 garbage-first heap   total 264192K, used 17138K [0x00000007e0000000, 0x0000000800000000)
  region size 1024K, 5 young (5120K), 5 survivors (5120K)
 Metaspace       used 4099K, committed 4288K, reserved 393216K
  class space    used 514K, committed 640K, reserved 327680K
}
Event: 2.062 GC heap before
{Heap before GC invocations=2 (full 0):
 garbage-first heap   total 264192K, used 127730K [0x00000007e0000000, 0x0000000800000000)
  region size 1024K, 114 young (116736K), 5 survivors (5120K)
 Metaspace       used 21239K, committed 21504K, reserved 393216K
  class space    used 3180K, committed 3328K, reserved 327680K
}
Event: 2.069 GC heap after
{Heap after GC invocations=3 (full 0):
 garbage-first heap   total 264192K, used 23985K [0x00000007e0000000, 0x0000000800000000)
  region size 1024K, 12 young (12288K), 12 survivors (12288K)
 Metaspace       used 21239K, committed 21504K, reserved 393216K
  class space    used 3180K, committed 3328K, reserved 327680K
}
Event: 3.062 GC heap before
{Heap before GC invocations=4 (full 0):
 garbage-first heap   total 262144K, used 140721K [0x00000007e0000000, 0x0000000800000000)
  region size 1024K, 123 young (125952K), 12 survivors (12288K)
 Metaspace       used 35577K, committed 35968K, reserved 393216K
  class space    used 5116K, committed 5312K, reserved 327680K
}
Event: 3.075 GC heap after
{Heap after GC invocations=5 (full 0):
 garbage-first heap   total 262144K, used 32255K [0x00000007e0000000, 0x0000000800000000)
  region size 1024K, 15 young (15360K), 15 survivors (15360K)
 Metaspace       used 35577K, committed 35968K, reserved 393216K
  class space    used 5116K, committed 5312K, reserved 327680K
}
Event: 3.774 GC heap before
{Heap before GC invocations=6 (full 0):
 garbage-first heap   total 262144K, used 173567K [0x00000007e0000000, 0x0000000800000000)
  region size 1024K, 153 young (156672K), 15 survivors (15360K)
 Metaspace       used 38500K, committed 38912K, reserved 393216K
  class space    used 5501K, committed 5696K, reserved 327680K
}
Event: 3.789 GC heap after
{Heap after GC invocations=7 (full 0):
 garbage-first heap   total 262144K, used 38548K [0x00000007e0000000, 0x0000000800000000)
  region size 1024K, 15 young (15360K), 15 survivors (15360K)
 Metaspace       used 38500K, committed 38912K, reserved 393216K
  class space    used 5501K, committed 5696K, reserved 327680K
}
Event: 5.151 GC heap before
{Heap before GC invocations=7 (full 0):
 garbage-first heap   total 262144K, used 180884K [0x00000007e0000000, 0x0000000800000000)
  region size 1024K, 153 young (156672K), 15 survivors (15360K)
 Metaspace       used 52221K, committed 52736K, reserved 393216K
  class space    used 7546K, committed 7808K, reserved 327680K
}
Event: 5.167 GC heap after
{Heap after GC invocations=8 (full 0):
 garbage-first heap   total 262144K, used 46346K [0x00000007e0000000, 0x0000000800000000)
  region size 1024K, 15 young (15360K), 15 survivors (15360K)
 Metaspace       used 52221K, committed 52736K, reserved 393216K
  class space    used 7546K, committed 7808K, reserved 327680K
}

