# JRE version: OpenJDK Runtime Environment Corretto-11.0.23.9.1 (11.0.23+9) (build 11.0.23+9-LTS)
# Java VM: OpenJDK 64-Bit Server VM Corretto-11.0.23.9.1 (11.0.23+9-LTS, mixed mode, tiered, compressed oops, g1 gc, bsd-amd64)
Heap:
 garbage-first heap   total 265216K, used 198923K [0x00000007e0000000, 0x0000000800000000)
  region size 1024K, 80 young (81920K), 2 survivors (2048K)
 Metaspace       used 94077K, capacity 97640K, committed 98304K, reserved 471040K
  class space    used 12170K, capacity 13438K, committed 13568K, reserved 385024K
GC Heap History (20 events):
Event: 19.377 GC heap before
{Heap before GC invocations=57 (full 0):
 garbage-first heap   total 265216K, used 226972K [0x00000007e0000000, 0x0000000800000000)
  region size 1024K, 144 young (147456K), 4 survivors (4096K)
 Metaspace       used 58280K, capacity 60221K, committed 60672K, reserved 438272K
  class space    used 7512K, capacity 8263K, committed 8448K, reserved 385024K
}
Event: 19.379 GC heap after
{Heap after GC invocations=58 (full 0):
 garbage-first heap   total 265216K, used 83703K [0x00000007e0000000, 0x0000000800000000)
  region size 1024K, 8 young (8192K), 8 survivors (8192K)
 Metaspace       used 58280K, capacity 60221K, committed 60672K, reserved 438272K
  class space    used 7512K, capacity 8263K, committed 8448K, reserved 385024K
}
Event: 19.971 GC heap before
{Heap before GC invocations=58 (full 0):
 garbage-first heap   total 265216K, used 229111K [0x00000007e0000000, 0x0000000800000000)
  region size 1024K, 144 young (147456K), 8 survivors (8192K)
 Metaspace       used 62482K, capacity 64763K, committed 65152K, reserved 442368K
  class space    used 7980K, capacity 8771K, committed 8832K, reserved 385024K
}
Event: 19.976 GC heap after
{Heap after GC invocations=59 (full 0):
 garbage-first heap   total 265216K, used 92095K [0x00000007e0000000, 0x0000000800000000)
  region size 1024K, 11 young (11264K), 11 survivors (11264K)
 Metaspace       used 62482K, capacity 64763K, committed 65152K, reserved 442368K
  class space    used 7980K, capacity 8771K, committed 8832K, reserved 385024K
}
Event: 20.843 GC heap before
{Heap before GC invocations=59 (full 0):
 garbage-first heap   total 265216K, used 225215K [0x00000007e0000000, 0x0000000800000000)
  region size 1024K, 141 young (144384K), 11 survivors (11264K)
 Metaspace       used 69297K, capacity 71960K, committed 72320K, reserved 448512K
  class space    used 9079K, capacity 9989K, committed 10112K, reserved 385024K
}
Event: 20.851 GC heap after
{Heap after GC invocations=60 (full 0):
 garbage-first heap   total 265216K, used 96634K [0x00000007e0000000, 0x0000000800000000)
  region size 1024K, 12 young (12288K), 12 survivors (12288K)
 Metaspace       used 69297K, capacity 71960K, committed 72320K, reserved 448512K
  class space    used 9079K, capacity 9989K, committed 10112K, reserved 385024K
}
Event: 21.707 GC heap before
{Heap before GC invocations=60 (full 0):
 garbage-first heap   total 265216K, used 238970K [0x00000007e0000000, 0x0000000800000000)
  region size 1024K, 138 young (141312K), 12 survivors (12288K)
 Metaspace       used 76880K, capacity 79950K, committed 80256K, reserved 454656K
  class space    used 10165K, capacity 11266K, committed 11392K, reserved 385024K
}
Event: 21.719 GC heap after
{Heap after GC invocations=61 (full 0):
 garbage-first heap   total 265216K, used 118559K [0x00000007e0000000, 0x0000000800000000)
  region size 1024K, 16 young (16384K), 16 survivors (16384K)
 Metaspace       used 76880K, capacity 79950K, committed 80256K, reserved 454656K
  class space    used 10165K, capacity 11266K, committed 11392K, reserved 385024K
}
Event: 25.697 GC heap before
{Heap before GC invocations=61 (full 0):
 garbage-first heap   total 265216K, used 220959K [0x00000007e0000000, 0x0000000800000000)
  region size 1024K, 116 young (118784K), 16 survivors (16384K)
 Metaspace       used 87918K, capacity 91171K, committed 91264K, reserved 464896K
  class space    used 11455K, capacity 12623K, committed 12672K, reserved 385024K
}
Event: 25.709 GC heap after
{Heap after GC invocations=62 (full 0):
 garbage-first heap   total 265216K, used 124348K [0x00000007e0000000, 0x0000000800000000)
  region size 1024K, 14 young (14336K), 14 survivors (14336K)
 Metaspace       used 87918K, capacity 91171K, committed 91264K, reserved 464896K
  class space    used 11455K, capacity 12623K, committed 12672K, reserved 385024K
}
Event: 647.452 GC heap before
{Heap before GC invocations=62 (full 0):
 garbage-first heap   total 265216K, used 223676K [0x00000007e0000000, 0x0000000800000000)
  region size 1024K, 111 young (113664K), 14 survivors (14336K)
 Metaspace       used 90642K, capacity 94095K, committed 94208K, reserved 466944K
  class space    used 11795K, capacity 13010K, committed 13056K, reserved 385024K
}
Event: 647.606 GC heap after
{Heap after GC invocations=63 (full 0):
 garbage-first heap   total 265216K, used 128760K [0x00000007e0000000, 0x0000000800000000)
  region size 1024K, 10 young (10240K), 10 survivors (10240K)
 Metaspace       used 90642K, capacity 94095K, committed 94208K, reserved 466944K
  class space    used 11795K, capacity 13010K, committed 13056K, reserved 385024K
}
Event: 648.003 GC heap before
{Heap before GC invocations=63 (full 0):
 garbage-first heap   total 265216K, used 226040K [0x00000007e0000000, 0x0000000800000000)
  region size 1024K, 105 young (107520K), 10 survivors (10240K)
 Metaspace       used 90882K, capacity 94302K, committed 94464K, reserved 466944K
  class space    used 11801K, capacity 13013K, committed 13056K, reserved 385024K
}
Event: 648.018 GC heap after
{Heap after GC invocations=64 (full 0):
 garbage-first heap   total 265216K, used 133448K [0x00000007e0000000, 0x0000000800000000)
  region size 1024K, 9 young (9216K), 9 survivors (9216K)
 Metaspace       used 90882K, capacity 94302K, committed 94464K, reserved 466944K
  class space    used 11801K, capacity 13013K, committed 13056K, reserved 385024K
}
Event: 648.252 GC heap before
{Heap before GC invocations=64 (full 0):
 garbage-first heap   total 265216K, used 188744K [0x00000007e0000000, 0x0000000800000000)
  region size 1024K, 64 young (65536K), 9 survivors (9216K)
 Metaspace       used 91458K, capacity 94884K, committed 95104K, reserved 466944K
  class space    used 11850K, capacity 13075K, committed 13184K, reserved 385024K
}
Event: 648.266 GC heap after
{Heap after GC invocations=65 (full 0):
 garbage-first heap   total 265216K, used 136030K [0x00000007e0000000, 0x0000000800000000)
  region size 1024K, 8 young (8192K), 8 survivors (8192K)
 Metaspace       used 91458K, capacity 94884K, committed 95104K, reserved 466944K
  class space    used 11850K, capacity 13075K, committed 13184K, reserved 385024K
}
Event: 648.730 GC heap before
{Heap before GC invocations=66 (full 0):
 garbage-first heap   total 265216K, used 218974K [0x00000007e0000000, 0x0000000800000000)
  region size 1024K, 93 young (95232K), 8 survivors (8192K)
 Metaspace       used 91262K, capacity 94488K, committed 95616K, reserved 468992K
  class space    used 11743K, capacity 12885K, committed 13184K, reserved 385024K
}
Event: 648.745 GC heap after
{Heap after GC invocations=67 (full 0):
 garbage-first heap   total 265216K, used 137015K [0x00000007e0000000, 0x0000000800000000)
  region size 1024K, 8 young (8192K), 8 survivors (8192K)
 Metaspace       used 91262K, capacity 94488K, committed 95616K, reserved 468992K
  class space    used 11743K, capacity 12885K, committed 13184K, reserved 385024K
}
Event: 648.751 GC heap before
{Heap before GC invocations=67 (full 0):
 garbage-first heap   total 265216K, used 141111K [0x00000007e0000000, 0x0000000800000000)
  region size 1024K, 12 young (12288K), 8 survivors (8192K)
 Metaspace       used 91264K, capacity 94488K, committed 95616K, reserved 468992K
  class space    used 11743K, capacity 12885K, committed 13184K, reserved 385024K
}
Event: 648.773 GC heap after
{Heap after GC invocations=68 (full 0):
 garbage-first heap   total 265216K, used 120075K [0x00000007e0000000, 0x0000000800000000)
  region size 1024K, 2 young (2048K), 2 survivors (2048K)
 Metaspace       used 91264K, capacity 94488K, committed 95616K, reserved 468992K
  class space    used 11743K, capacity 12885K, committed 13184K, reserved 385024K
}

