# JRE version: OpenJDK Runtime Environment Corretto-17.0.13.11.1 (17.0.13+11) (build 17.0.13+11-LTS)
# Java VM: OpenJDK 64-Bit Server VM Corretto-17.0.13.11.1 (17.0.13+11-LTS, mixed mode, sharing, tiered, compressed oops, compressed class ptrs, g1 gc, bsd-amd64)
Heap:
 garbage-first heap   total 262144K, used 64364K [0x00000007e0000000, 0x0000000800000000)
  region size 1024K, 40 young (40960K), 18 survivors (18432K)
 Metaspace       used 48472K, committed 49024K, reserved 393216K
  class space    used 7107K, committed 7360K, reserved 327680K
GC Heap History (10 events):
Event: 0.588 GC heap before
{Heap before GC invocations=0 (full 0):
 garbage-first heap   total 264192K, used 27552K [0x00000007e0000000, 0x0000000800000000)
  region size 1024K, 23 young (23552K), 0 survivors (0K)
 Metaspace       used 2758K, committed 2880K, reserved 393216K
  class space    used 345K, committed 384K, reserved 327680K
}
Event: 0.592 GC heap after
{Heap after GC invocations=1 (full 0):
 garbage-first heap   total 264192K, used 11477K [0x00000007e0000000, 0x0000000800000000)
  region size 1024K, 3 young (3072K), 3 survivors (3072K)
 Metaspace       used 2758K, committed 2880K, reserved 393216K
  class space    used 345K, committed 384K, reserved 327680K
}
Event: 0.893 GC heap before
{Heap before GC invocations=1 (full 0):
 garbage-first heap   total 264192K, used 47317K [0x00000007e0000000, 0x0000000800000000)
  region size 1024K, 36 young (36864K), 3 survivors (3072K)
 Metaspace       used 4133K, committed 4288K, reserved 393216K
  class space    used 518K, committed 640K, reserved 327680K
}
Event: 0.896 GC heap after
{Heap after GC invocations=2 (full 0):
 garbage-first heap   total 264192K, used 17408K [0x00000007e0000000, 0x0000000800000000)
  region size 1024K, 5 young (5120K), 5 survivors (5120K)
 Metaspace       used 4133K, committed 4288K, reserved 393216K
  class space    used 518K, committed 640K, reserved 327680K
}
Event: 2.135 GC heap before
{Heap before GC invocations=2 (full 0):
 garbage-first heap   total 264192K, used 124928K [0x00000007e0000000, 0x0000000800000000)
  region size 1024K, 111 young (113664K), 5 survivors (5120K)
 Metaspace       used 21201K, committed 21504K, reserved 393216K
  class space    used 3177K, committed 3328K, reserved 327680K
}
Event: 2.141 GC heap after
{Heap after GC invocations=3 (full 0):
 garbage-first heap   total 264192K, used 24422K [0x00000007e0000000, 0x0000000800000000)
  region size 1024K, 12 young (12288K), 12 survivors (12288K)
 Metaspace       used 21201K, committed 21504K, reserved 393216K
  class space    used 3177K, committed 3328K, reserved 327680K
}
Event: 3.237 GC heap before
{Heap before GC invocations=4 (full 0):
 garbage-first heap   total 262144K, used 150374K [0x00000007e0000000, 0x0000000800000000)
  region size 1024K, 132 young (135168K), 12 survivors (12288K)
 Metaspace       used 35733K, committed 36096K, reserved 393216K
  class space    used 5072K, committed 5248K, reserved 327680K
}
Event: 3.248 GC heap after
{Heap after GC invocations=5 (full 0):
 garbage-first heap   total 262144K, used 33427K [0x00000007e0000000, 0x0000000800000000)
  region size 1024K, 16 young (16384K), 16 survivors (16384K)
 Metaspace       used 35733K, committed 36096K, reserved 393216K
  class space    used 5072K, committed 5248K, reserved 327680K
}
Event: 4.405 GC heap before
{Heap before GC invocations=6 (full 0):
 garbage-first heap   total 262144K, used 174739K [0x00000007e0000000, 0x0000000800000000)
  region size 1024K, 153 young (156672K), 16 survivors (16384K)
 Metaspace       used 47243K, committed 47808K, reserved 393216K
  class space    used 6889K, committed 7168K, reserved 327680K
}
Event: 4.422 GC heap after
{Heap after GC invocations=7 (full 0):
 garbage-first heap   total 262144K, used 42065K [0x00000007e0000000, 0x0000000800000000)
  region size 1024K, 18 young (18432K), 18 survivors (18432K)
 Metaspace       used 47243K, committed 47808K, reserved 393216K
  class space    used 6889K, committed 7168K, reserved 327680K
}

