# JRE version: OpenJDK Runtime Environment Corretto-17.0.13.11.1 (17.0.13+11) (build 17.0.13+11-LTS)
# Java VM: OpenJDK 64-Bit Server VM Corretto-17.0.13.11.1 (17.0.13+11-LTS, mixed mode, sharing, tiered, compressed oops, compressed class ptrs, g1 gc, bsd-amd64)
Heap:
 garbage-first heap   total 262144K, used 161903K [0x00000007e0000000, 0x0000000800000000)
  region size 1024K, 60 young (61440K), 9 survivors (9216K)
 Metaspace       used 80431K, committed 81280K, reserved 458752K
  class space    used 11247K, committed 11648K, reserved 327680K
GC Heap History (20 events):
Event: 2.605 GC heap before
{Heap before GC invocations=2 (full 0):
 garbage-first heap   total 264192K, used 124295K [0x00000007e0000000, 0x0000000800000000)
  region size 1024K, 111 young (113664K), 5 survivors (5120K)
 Metaspace       used 21152K, committed 21504K, reserved 393216K
  class space    used 3185K, committed 3392K, reserved 327680K
}
Event: 2.619 GC heap after
{Heap after GC invocations=3 (full 0):
 garbage-first heap   total 264192K, used 23726K [0x00000007e0000000, 0x0000000800000000)
  region size 1024K, 12 young (12288K), 12 survivors (12288K)
 Metaspace       used 21152K, committed 21504K, reserved 393216K
  class space    used 3185K, committed 3392K, reserved 327680K
}
Event: 4.401 GC heap before
{Heap before GC invocations=4 (full 0):
 garbage-first heap   total 262144K, used 162990K [0x00000007e0000000, 0x0000000800000000)
  region size 1024K, 135 young (138240K), 12 survivors (12288K)
 Metaspace       used 35679K, committed 36096K, reserved 393216K
  class space    used 5064K, committed 5248K, reserved 327680K
}
Event: 4.413 GC heap after
{Heap after GC invocations=5 (full 0):
 garbage-first heap   total 262144K, used 44182K [0x00000007e0000000, 0x0000000800000000)
  region size 1024K, 17 young (17408K), 17 survivors (17408K)
 Metaspace       used 35679K, committed 36096K, reserved 393216K
  class space    used 5064K, committed 5248K, reserved 327680K
}
Event: 4.431 GC heap before
{Heap before GC invocations=5 (full 0):
 garbage-first heap   total 262144K, used 45206K [0x00000007e0000000, 0x0000000800000000)
  region size 1024K, 18 young (18432K), 17 survivors (17408K)
 Metaspace       used 35737K, committed 36224K, reserved 393216K
  class space    used 5067K, committed 5312K, reserved 327680K
}
Event: 4.441 GC heap after
{Heap after GC invocations=6 (full 0):
 garbage-first heap   total 262144K, used 44905K [0x00000007e0000000, 0x0000000800000000)
  region size 1024K, 2 young (2048K), 2 survivors (2048K)
 Metaspace       used 35737K, committed 36224K, reserved 393216K
  class space    used 5067K, committed 5312K, reserved 327680K
}
Event: 4.472 GC heap before
{Heap before GC invocations=6 (full 0):
 garbage-first heap   total 262144K, used 46953K [0x00000007e0000000, 0x0000000800000000)
  region size 1024K, 5 young (5120K), 2 survivors (2048K)
 Metaspace       used 36029K, committed 36416K, reserved 393216K
  class space    used 5106K, committed 5312K, reserved 327680K
}
Event: 4.473 GC heap after
{Heap after GC invocations=7 (full 0):
 garbage-first heap   total 262144K, used 43330K [0x00000007e0000000, 0x0000000800000000)
  region size 1024K, 1 young (1024K), 1 survivors (1024K)
 Metaspace       used 36029K, committed 36416K, reserved 393216K
  class space    used 5106K, committed 5312K, reserved 327680K
}
Event: 6.108 GC heap before
{Heap before GC invocations=8 (full 0):
 garbage-first heap   total 262144K, used 207170K [0x00000007e0000000, 0x0000000800000000)
  region size 1024K, 148 young (151552K), 1 survivors (1024K)
 Metaspace       used 49932K, committed 50496K, reserved 393216K
  class space    used 7276K, committed 7552K, reserved 327680K
}
Event: 6.116 GC heap after
{Heap after GC invocations=9 (full 0):
 garbage-first heap   total 262144K, used 65001K [0x00000007e0000000, 0x0000000800000000)
  region size 1024K, 10 young (10240K), 10 survivors (10240K)
 Metaspace       used 49932K, committed 50496K, reserved 393216K
  class space    used 7276K, committed 7552K, reserved 327680K
}
Event: 7.713 GC heap before
{Heap before GC invocations=9 (full 0):
 garbage-first heap   total 262144K, used 196073K [0x00000007e0000000, 0x0000000800000000)
  region size 1024K, 125 young (128000K), 10 survivors (10240K)
 Metaspace       used 60446K, committed 61056K, reserved 393216K
  class space    used 8883K, committed 9152K, reserved 327680K
}
Event: 7.724 GC heap after
{Heap after GC invocations=10 (full 0):
 garbage-first heap   total 262144K, used 88741K [0x00000007e0000000, 0x0000000800000000)
  region size 1024K, 10 young (10240K), 10 survivors (10240K)
 Metaspace       used 60446K, committed 61056K, reserved 393216K
  class space    used 8883K, committed 9152K, reserved 327680K
}
Event: 13.853 GC heap before
{Heap before GC invocations=11 (full 0):
 garbage-first heap   total 262144K, used 204453K [0x00000007e0000000, 0x0000000800000000)
  region size 1024K, 124 young (126976K), 10 survivors (10240K)
 Metaspace       used 73364K, committed 74048K, reserved 393216K
  class space    used 10431K, committed 10752K, reserved 327680K
}
Event: 13.864 GC heap after
{Heap after GC invocations=12 (full 0):
 garbage-first heap   total 262144K, used 97470K [0x00000007e0000000, 0x0000000800000000)
  region size 1024K, 10 young (10240K), 10 survivors (10240K)
 Metaspace       used 73364K, committed 74048K, reserved 393216K
  class space    used 10431K, committed 10752K, reserved 327680K
}
Event: 386.943 GC heap before
{Heap before GC invocations=12 (full 0):
 garbage-first heap   total 262144K, used 204990K [0x00000007e0000000, 0x0000000800000000)
  region size 1024K, 116 young (118784K), 10 survivors (10240K)
 Metaspace       used 77730K, committed 78400K, reserved 458752K
  class space    used 10959K, committed 11264K, reserved 327680K
}
Event: 387.020 GC heap after
{Heap after GC invocations=13 (full 0):
 garbage-first heap   total 262144K, used 102899K [0x00000007e0000000, 0x0000000800000000)
  region size 1024K, 7 young (7168K), 7 survivors (7168K)
 Metaspace       used 77730K, committed 78400K, reserved 458752K
  class space    used 10959K, committed 11264K, reserved 327680K
}
Event: 387.399 GC heap before
{Heap before GC invocations=13 (full 0):
 garbage-first heap   total 262144K, used 208371K [0x00000007e0000000, 0x0000000800000000)
  region size 1024K, 111 young (113664K), 7 survivors (7168K)
 Metaspace       used 77886K, committed 78592K, reserved 458752K
  class space    used 10959K, committed 11264K, reserved 327680K
}
Event: 387.420 GC heap after
{Heap after GC invocations=14 (full 0):
 garbage-first heap   total 262144K, used 108448K [0x00000007e0000000, 0x0000000800000000)
  region size 1024K, 12 young (12288K), 12 survivors (12288K)
 Metaspace       used 77886K, committed 78592K, reserved 458752K
  class space    used 10959K, committed 11264K, reserved 327680K
}
Event: 387.962 GC heap before
{Heap before GC invocations=14 (full 0):
 garbage-first heap   total 262144K, used 211872K [0x00000007e0000000, 0x0000000800000000)
  region size 1024K, 113 young (115712K), 12 survivors (12288K)
 Metaspace       used 79160K, committed 79936K, reserved 458752K
  class space    used 11048K, committed 11392K, reserved 327680K
}
Event: 387.974 GC heap after
{Heap after GC invocations=15 (full 0):
 garbage-first heap   total 262144K, used 110555K [0x00000007e0000000, 0x0000000800000000)
  region size 1024K, 9 young (9216K), 9 survivors (9216K)
 Metaspace       used 79160K, committed 79936K, reserved 458752K
  class space    used 11048K, committed 11392K, reserved 327680K
}

